<?xml version="1.0" encoding="UTF-8"?>
<testng-results skipped="0" failed="0" ignored="0" total="1" passed="1">
  <reporter-output>
  </reporter-output>
  <suite name="Default suite" duration-ms="15687" started-at="2020-09-03T17:22:21Z" finished-at="2020-09-03T17:22:37Z">
    <groups>
    </groups>
    <test name="Default test" duration-ms="15687" started-at="2020-09-03T17:22:21Z" finished-at="2020-09-03T17:22:37Z">
      <class name="project.Ecommerce">
        <test-method status="PASS" signature="launchBrowser()[pri:0, instance:project.Ecommerce@358c99f5]" name="launchBrowser" is-config="true" duration-ms="3791" started-at="2020-09-03T17:22:21Z" finished-at="2020-09-03T17:22:25Z">
          <reporter-output>
          </reporter-output>
        </test-method> <!-- launchBrowser -->
        <test-method status="PASS" signature="startTime()[pri:0, instance:project.Ecommerce@358c99f5]" name="startTime" is-config="true" duration-ms="0" started-at="2020-09-03T17:22:25Z" finished-at="2020-09-03T17:22:25Z">
          <reporter-output>
          </reporter-output>
        </test-method> <!-- startTime -->
        <test-method status="PASS" signature="tc1()[pri:0, instance:project.Ecommerce@358c99f5]" name="tc1" duration-ms="11073" started-at="2020-09-03T17:22:25Z" finished-at="2020-09-03T17:22:36Z">
          <reporter-output>
          </reporter-output>
        </test-method> <!-- tc1 -->
        <test-method status="PASS" signature="quitBrowser()[pri:0, instance:project.Ecommerce@358c99f5]" name="quitBrowser" is-config="true" duration-ms="802" started-at="2020-09-03T17:22:36Z" finished-at="2020-09-03T17:22:37Z">
          <reporter-output>
          </reporter-output>
        </test-method> <!-- quitBrowser -->
        <test-method status="PASS" signature="endTime()[pri:0, instance:project.Ecommerce@358c99f5]" name="endTime" is-config="true" duration-ms="0" started-at="2020-09-03T17:22:36Z" finished-at="2020-09-03T17:22:36Z">
          <reporter-output>
          </reporter-output>
        </test-method> <!-- endTime -->
      </class> <!-- project.Ecommerce -->
    </test> <!-- Default test -->
  </suite> <!-- Default suite -->
</testng-results>
